2024-06-11 18:12:27,006 INFO com.example.security.SecurityApplication [restartedMain] Starting SecurityApplication using Java 22 on DESKTOP-1C7EODV with PID 14280 (C:\BEZBJEDNOST\bsep-ra-2024-kt2-tim-4\security\security\target\classes started by WIN10 in C:\BEZBJEDNOST\bsep-ra-2024-kt2-tim-4\security\security)
2024-06-11 18:12:27,028 INFO com.example.security.SecurityApplication [restartedMain] No active profile set, falling back to default profiles: default
2024-06-11 18:12:27,235 INFO org.springframework.boot.devtools.env.DevToolsPropertyDefaultsPostProcessor [restartedMain] Devtools property defaults active! Set 'spring.devtools.add-properties' to 'false' to disable
2024-06-11 18:12:27,235 INFO org.springframework.boot.devtools.env.DevToolsPropertyDefaultsPostProcessor [restartedMain] For additional web related logging consider setting the 'logging.level.web' property to 'DEBUG'
2024-06-11 18:12:28,901 INFO org.springframework.data.repository.config.RepositoryConfigurationDelegate [restartedMain] Bootstrapping Spring Data JPA repositories in DEFAULT mode.
2024-06-11 18:12:29,525 INFO org.springframework.data.repository.config.RepositoryConfigurationDelegate [restartedMain] Finished Spring Data repository scanning in 598 ms. Found 9 JPA repository interfaces.
2024-06-11 18:12:30,697 INFO org.springframework.context.support.PostProcessorRegistrationDelegate$BeanPostProcessorChecker [restartedMain] Bean 'org.springframework.ws.config.annotation.DelegatingWsConfiguration' of type [org.springframework.ws.config.annotation.DelegatingWsConfiguration$$EnhancerBySpringCGLIB$$9031fa48] is not eligible for getting processed by all BeanPostProcessors (for example: not eligible for auto-proxying)
2024-06-11 18:12:30,762 INFO org.springframework.ws.soap.addressing.server.AnnotationActionEndpointMapping [restartedMain] Supporting [WS-Addressing August 2004, WS-Addressing 1.0]
2024-06-11 18:12:30,841 INFO org.springframework.context.support.PostProcessorRegistrationDelegate$BeanPostProcessorChecker [restartedMain] Bean 'org.springframework.security.access.expression.method.DefaultMethodSecurityExpressionHandler@10603f6a' of type [org.springframework.security.access.expression.method.DefaultMethodSecurityExpressionHandler] is not eligible for getting processed by all BeanPostProcessors (for example: not eligible for auto-proxying)
2024-06-11 18:12:30,847 INFO org.springframework.context.support.PostProcessorRegistrationDelegate$BeanPostProcessorChecker [restartedMain] Bean 'methodSecurityMetadataSource' of type [org.springframework.security.access.method.DelegatingMethodSecurityMetadataSource] is not eligible for getting processed by all BeanPostProcessors (for example: not eligible for auto-proxying)
2024-06-11 18:12:31,399 INFO org.springframework.boot.web.embedded.tomcat.TomcatWebServer [restartedMain] Tomcat initialized with port(s): 8443 (https)
2024-06-11 18:12:31,415 INFO org.apache.catalina.core.StandardService [restartedMain] Starting service [Tomcat]
2024-06-11 18:12:31,415 INFO org.apache.catalina.core.StandardEngine [restartedMain] Starting Servlet engine: [Apache Tomcat/9.0.48]
2024-06-11 18:12:31,639 INFO org.apache.catalina.core.ContainerBase.[Tomcat].[localhost].[/] [restartedMain] Initializing Spring embedded WebApplicationContext
2024-06-11 18:12:31,639 INFO org.springframework.boot.web.servlet.context.ServletWebServerApplicationContext [restartedMain] Root WebApplicationContext: initialization completed in 4402 ms
2024-06-11 18:12:31,711 INFO com.zaxxer.hikari.HikariDataSource [restartedMain] HikariPool-1 - Starting...
2024-06-11 18:12:32,081 INFO com.zaxxer.hikari.HikariDataSource [restartedMain] HikariPool-1 - Start completed.
2024-06-11 18:12:32,095 INFO org.springframework.boot.autoconfigure.h2.H2ConsoleAutoConfiguration [restartedMain] H2 console available at '/h2-console'. Database available at 'jdbc:postgresql://localhost:5432/security'
2024-06-11 18:12:32,589 INFO org.hibernate.jpa.internal.util.LogHelper [restartedMain] HHH000204: Processing PersistenceUnitInfo [name: default]
2024-06-11 18:12:32,748 INFO org.hibernate.Version [restartedMain] HHH000412: Hibernate ORM core version 5.4.32.Final
2024-06-11 18:12:33,135 INFO org.hibernate.annotations.common.Version [restartedMain] HCANN000001: Hibernate Commons Annotations {5.1.2.Final}
2024-06-11 18:12:33,431 INFO org.hibernate.dialect.Dialect [restartedMain] HHH000400: Using dialect: org.hibernate.dialect.PostgreSQLDialect
2024-06-11 18:12:35,131 INFO org.hibernate.engine.transaction.jta.platform.internal.JtaPlatformInitiator [restartedMain] HHH000490: Using JtaPlatform implementation: [org.hibernate.engine.transaction.jta.platform.internal.NoJtaPlatform]
2024-06-11 18:12:35,148 INFO org.springframework.orm.jpa.LocalContainerEntityManagerFactoryBean [restartedMain] Initialized JPA EntityManagerFactory for persistence unit 'default'
2024-06-11 18:12:37,080 INFO org.springframework.security.web.DefaultSecurityFilterChain [restartedMain] Will secure Ant [pattern='api/auth/login', POST] with []
2024-06-11 18:12:37,081 INFO org.springframework.security.web.DefaultSecurityFilterChain [restartedMain] Will secure Ant [pattern='api/auth/setNewPassword', POST] with []
2024-06-11 18:12:37,081 INFO org.springframework.security.web.DefaultSecurityFilterChain [restartedMain] Will secure Ant [pattern='api/auth/resetPassword', POST] with []
2024-06-11 18:12:37,082 INFO org.springframework.security.web.DefaultSecurityFilterChain [restartedMain] Will secure Ant [pattern='api/vpn', POST] with []
2024-06-11 18:12:37,082 INFO org.springframework.security.web.DefaultSecurityFilterChain [restartedMain] Will secure Ant [pattern='api/auth/verify', POST] with []
2024-06-11 18:12:37,082 INFO org.springframework.security.web.DefaultSecurityFilterChain [restartedMain] Will secure Ant [pattern='api/auth/passwordlesslogin', POST] with []
2024-06-11 18:12:37,082 INFO org.springframework.security.web.DefaultSecurityFilterChain [restartedMain] Will secure Ant [pattern='api/auth/passwordlessAuth', POST] with []
2024-06-11 18:12:37,082 INFO org.springframework.security.web.DefaultSecurityFilterChain [restartedMain] Will secure Ant [pattern='api/auth/regeneratingJwtToken', POST] with []
2024-06-11 18:12:37,083 INFO org.springframework.security.web.DefaultSecurityFilterChain [restartedMain] Will secure Ant [pattern='api/user/activate', GET] with []
2024-06-11 18:12:37,083 INFO org.springframework.security.web.DefaultSecurityFilterChain [restartedMain] Will secure Ant [pattern='api/user/changePassword', PUT] with []
2024-06-11 18:12:37,083 INFO org.springframework.security.web.DefaultSecurityFilterChain [restartedMain] Will secure Ant [pattern='/', GET] with []
2024-06-11 18:12:37,084 INFO org.springframework.security.web.DefaultSecurityFilterChain [restartedMain] Will secure Ant [pattern='/webjars/**', GET] with []
2024-06-11 18:12:37,084 INFO org.springframework.security.web.DefaultSecurityFilterChain [restartedMain] Will secure Ant [pattern='/*.html', GET] with []
2024-06-11 18:12:37,084 INFO org.springframework.security.web.DefaultSecurityFilterChain [restartedMain] Will secure Ant [pattern='favicon.ico', GET] with []
2024-06-11 18:12:37,084 INFO org.springframework.security.web.DefaultSecurityFilterChain [restartedMain] Will secure Ant [pattern='/**/*.html', GET] with []
2024-06-11 18:12:37,084 INFO org.springframework.security.web.DefaultSecurityFilterChain [restartedMain] Will secure Ant [pattern='/**/*.css', GET] with []
2024-06-11 18:12:37,085 INFO org.springframework.security.web.DefaultSecurityFilterChain [restartedMain] Will secure Ant [pattern='/**/*.js', GET] with []
2024-06-11 18:12:37,133 INFO org.springframework.security.web.DefaultSecurityFilterChain [restartedMain] Will secure any request with [org.springframework.security.web.context.request.async.WebAsyncManagerIntegrationFilter@53d1a41d, org.springframework.security.web.context.SecurityContextPersistenceFilter@28482b2e, org.springframework.security.web.header.HeaderWriterFilter@504394bb, org.springframework.web.filter.CorsFilter@6a523283, org.springframework.security.web.authentication.logout.LogoutFilter@4184e112, com.example.security.auth.TokenAuthenticationFilter@66e9f1ea, org.springframework.security.web.savedrequest.RequestCacheAwareFilter@23b9edf8, org.springframework.security.web.servletapi.SecurityContextHolderAwareRequestFilter@26fc5185, org.springframework.security.web.authentication.AnonymousAuthenticationFilter@790b8455, org.springframework.security.web.session.SessionManagementFilter@29ea5d0c, org.springframework.security.web.access.ExceptionTranslationFilter@47decf96, org.springframework.security.web.access.intercept.FilterSecurityInterceptor@5fe8f93d]
2024-06-11 18:12:37,628 INFO org.springframework.boot.devtools.autoconfigure.OptionalLiveReloadServer [restartedMain] LiveReload server is running on port 35729
2024-06-11 18:12:38,016 INFO org.springframework.boot.web.embedded.tomcat.TomcatWebServer [restartedMain] Tomcat started on port(s): 8443 (https) with context path ''
2024-06-11 18:12:38,031 INFO com.example.security.SecurityApplication [restartedMain] Started SecurityApplication in 11.84 seconds (JVM running for 14.464)
2024-06-11 18:12:51,748 INFO org.springframework.orm.jpa.LocalContainerEntityManagerFactoryBean [SpringApplicationShutdownHook] Closing JPA EntityManagerFactory for persistence unit 'default'
2024-06-11 18:12:51,754 INFO com.zaxxer.hikari.HikariDataSource [SpringApplicationShutdownHook] HikariPool-1 - Shutdown initiated...
2024-06-11 18:12:51,770 INFO com.zaxxer.hikari.HikariDataSource [SpringApplicationShutdownHook] HikariPool-1 - Shutdown completed.
